{"C:\\Users\\amiranja4\\Desktop\\Lowes-Poc\\src\\client\\components\\FilterComponent\\index.js": {"path":"C:\\Users\\amiranja4\\Desktop\\Lowes-Poc\\src\\client\\components\\FilterComponent\\index.js","statementMap":{"0":{"start":{"line":17,"column":15},"end":{"line":112,"column":1}},"1":{"start":{"line":18,"column":13},"end":{"line":24,"column":3}},"2":{"start":{"line":25,"column":2},"end":{"line":110,"column":4}}},"fnMap":{"0":{"name":"(anonymous_0)","decl":{"start":{"line":17,"column":15},"end":{"line":17,"column":16}},"loc":{"start":{"line":17,"column":21},"end":{"line":112,"column":1}},"line":17}},"branchMap":{},"s":{"0":1,"1":6,"2":6},"f":{"0":6},"b":{},"_coverageSchema":"43e27e138ebf9cfc5966b082cf9a028302ed4184","hash":"6030982b3fd9203f86972f8b7dde3f4a1025bf07"}
,"C:\\Users\\amiranja4\\Desktop\\Lowes-Poc\\src\\client\\components\\FilterComponent\\styles.js": {"path":"C:\\Users\\amiranja4\\Desktop\\Lowes-Poc\\src\\client\\components\\FilterComponent\\styles.js","statementMap":{"0":{"start":{"line":3,"column":19},"end":{"line":16,"column":1}},"1":{"start":{"line":18,"column":20},"end":{"line":30,"column":1}},"2":{"start":{"line":32,"column":26},"end":{"line":45,"column":1}},"3":{"start":{"line":48,"column":22},"end":{"line":55,"column":1}},"4":{"start":{"line":57,"column":27},"end":{"line":61,"column":1}},"5":{"start":{"line":63,"column":18},"end":{"line":79,"column":1}},"6":{"start":{"line":81,"column":22},"end":{"line":82,"column":19}},"7":{"start":{"line":84,"column":30},"end":{"line":85,"column":19}}},"fnMap":{},"branchMap":{},"s":{"0":1,"1":1,"2":1,"3":1,"4":1,"5":1,"6":1,"7":1},"f":{},"b":{},"_coverageSchema":"43e27e138ebf9cfc5966b082cf9a028302ed4184","hash":"2e6a83ac207c78aca6d063761ace2f881a625608"}
,"C:\\Users\\amiranja4\\Desktop\\Lowes-Poc\\src\\client\\components\\Header\\index.js": {"path":"C:\\Users\\amiranja4\\Desktop\\Lowes-Poc\\src\\client\\components\\Header\\index.js","statementMap":{"0":{"start":{"line":7,"column":15},"end":{"line":19,"column":1}},"1":{"start":{"line":8,"column":4},"end":{"line":18,"column":5}}},"fnMap":{"0":{"name":"(anonymous_0)","decl":{"start":{"line":7,"column":15},"end":{"line":7,"column":16}},"loc":{"start":{"line":7,"column":21},"end":{"line":19,"column":1}},"line":7}},"branchMap":{},"s":{"0":1,"1":4},"f":{"0":4},"b":{},"_coverageSchema":"43e27e138ebf9cfc5966b082cf9a028302ed4184","hash":"ee7e11c92fb0688530f160f6fd101d18fe05d44d"}
,"C:\\Users\\amiranja4\\Desktop\\Lowes-Poc\\src\\client\\components\\Header\\styles.js": {"path":"C:\\Users\\amiranja4\\Desktop\\Lowes-Poc\\src\\client\\components\\Header\\styles.js","statementMap":{"0":{"start":{"line":3,"column":10},"end":{"line":9,"column":1}},"1":{"start":{"line":11,"column":11},"end":{"line":22,"column":1}},"2":{"start":{"line":24,"column":13},"end":{"line":39,"column":1}},"3":{"start":{"line":41,"column":11},"end":{"line":46,"column":1}}},"fnMap":{},"branchMap":{},"s":{"0":1,"1":1,"2":1,"3":1},"f":{},"b":{},"_coverageSchema":"43e27e138ebf9cfc5966b082cf9a028302ed4184","hash":"b2b2ae2e496fc554ce22cb92a5037c3a0e7bc12e"}
,"C:\\Users\\amiranja4\\Desktop\\Lowes-Poc\\src\\client\\components\\ProductCardComponent\\index.js": {"path":"C:\\Users\\amiranja4\\Desktop\\Lowes-Poc\\src\\client\\components\\ProductCardComponent\\index.js","statementMap":{"0":{"start":{"line":18,"column":20},"end":{"line":57,"column":1}},"1":{"start":{"line":19,"column":13},"end":{"line":25,"column":3}},"2":{"start":{"line":26,"column":2},"end":{"line":56,"column":4}}},"fnMap":{"0":{"name":"(anonymous_0)","decl":{"start":{"line":18,"column":20},"end":{"line":18,"column":21}},"loc":{"start":{"line":18,"column":26},"end":{"line":57,"column":1}},"line":18}},"branchMap":{},"s":{"0":1,"1":10,"2":10},"f":{"0":10},"b":{},"_coverageSchema":"43e27e138ebf9cfc5966b082cf9a028302ed4184","hash":"2fb64e5e91237c17494f5f8aef6c8e951190c50d"}
,"C:\\Users\\amiranja4\\Desktop\\Lowes-Poc\\src\\client\\components\\ProductCardComponent\\styles.js": {"path":"C:\\Users\\amiranja4\\Desktop\\Lowes-Poc\\src\\client\\components\\ProductCardComponent\\styles.js","statementMap":{"0":{"start":{"line":3,"column":23},"end":{"line":5,"column":1}},"1":{"start":{"line":7,"column":19},"end":{"line":17,"column":1}},"2":{"start":{"line":19,"column":19},"end":{"line":22,"column":1}},"3":{"start":{"line":24,"column":18},"end":{"line":33,"column":1}},"4":{"start":{"line":35,"column":21},"end":{"line":43,"column":1}},"5":{"start":{"line":45,"column":19},"end":{"line":53,"column":1}},"6":{"start":{"line":55,"column":21},"end":{"line":68,"column":1}},"7":{"start":{"line":70,"column":16},"end":{"line":84,"column":1}},"8":{"start":{"line":86,"column":21},"end":{"line":89,"column":1}},"9":{"start":{"line":91,"column":22},"end":{"line":97,"column":1}},"10":{"start":{"line":99,"column":22},"end":{"line":103,"column":1}}},"fnMap":{},"branchMap":{},"s":{"0":1,"1":1,"2":1,"3":1,"4":1,"5":1,"6":1,"7":1,"8":1,"9":1,"10":1},"f":{},"b":{},"_coverageSchema":"43e27e138ebf9cfc5966b082cf9a028302ed4184","hash":"77439f302e84fd2efefcba8ce2a0ff43199be2cd"}
}
