TN:
SF:C:\Users\anuhakee\githubRepos\Lowes-Poc\src\client\components\FilterComponent\index.js
FN:17,(anonymous_0)
FNF:1
FNH:1
FNDA:6,(anonymous_0)
DA:17,1
DA:18,6
DA:25,6
LF:3
LH:3
BRF:0
BRH:0
end_of_record
TN:
SF:C:\Users\anuhakee\githubRepos\Lowes-Poc\src\client\components\FilterComponent\styles.js
FNF:0
FNH:0
DA:3,1
DA:18,1
DA:32,1
DA:48,1
DA:57,1
DA:63,1
DA:81,1
DA:84,1
LF:8
LH:8
BRF:0
BRH:0
end_of_record
TN:
SF:C:\Users\anuhakee\githubRepos\Lowes-Poc\src\client\components\ProductCardComponent\index.js
FN:18,(anonymous_0)
FNF:1
FNH:1
FNDA:10,(anonymous_0)
DA:18,1
DA:19,10
DA:26,10
LF:3
LH:3
BRF:0
BRH:0
end_of_record
TN:
SF:C:\Users\anuhakee\githubRepos\Lowes-Poc\src\client\components\ProductCardComponent\styles.js
FNF:0
FNH:0
DA:3,1
DA:7,1
DA:19,1
DA:24,1
DA:35,1
DA:45,1
DA:55,1
DA:70,1
DA:86,1
DA:91,1
DA:99,1
LF:11
LH:11
BRF:0
BRH:0
end_of_record
