TN:
SF:C:\Users\anuhakee\githubRepos\Lowes-Poc\src\client\components\DiscountComponent\index.js
FN:7,(anonymous_0)
FNF:1
FNH:0
FNDA:0,(anonymous_0)
DA:7,1
DA:8,0
DA:11,0
DA:13,0
LF:4
LH:1
BRDA:8,0,0,0
BRDA:8,0,1,0
BRF:2
BRH:0
end_of_record
TN:
SF:C:\Users\anuhakee\githubRepos\Lowes-Poc\src\client\components\DiscountComponent\styles.js
FNF:0
FNH:0
DA:3,1
LF:1
LH:1
BRF:0
BRH:0
end_of_record
TN:
SF:C:\Users\anuhakee\githubRepos\Lowes-Poc\src\client\components\FilterComponent\index.js
FN:22,(anonymous_0)
FN:23,(anonymous_1)
FN:25,(anonymous_2)
FN:26,(anonymous_3)
FN:28,(anonymous_4)
FN:33,(anonymous_5)
FN:37,(anonymous_6)
FN:46,(anonymous_7)
FN:81,(anonymous_8)
FN:98,(anonymous_9)
FN:108,(anonymous_10)
FN:114,(anonymous_11)
FN:172,(anonymous_12)
FN:180,(anonymous_13)
FN:188,(anonymous_14)
FN:220,(anonymous_15)
FN:227,(anonymous_16)
FN:234,(anonymous_17)
FN:241,(anonymous_18)
FN:248,(anonymous_19)
FN:278,(anonymous_20)
FN:287,(anonymous_21)
FN:297,(anonymous_22)
FN:306,(anonymous_23)
FNF:24
FNH:1
FNDA:6,(anonymous_0)
FNDA:0,(anonymous_1)
FNDA:0,(anonymous_2)
FNDA:0,(anonymous_3)
FNDA:0,(anonymous_4)
FNDA:0,(anonymous_5)
FNDA:0,(anonymous_6)
FNDA:0,(anonymous_7)
FNDA:0,(anonymous_8)
FNDA:0,(anonymous_9)
FNDA:0,(anonymous_10)
FNDA:0,(anonymous_11)
FNDA:0,(anonymous_12)
FNDA:0,(anonymous_13)
FNDA:0,(anonymous_14)
FNDA:0,(anonymous_15)
FNDA:0,(anonymous_16)
FNDA:0,(anonymous_17)
FNDA:0,(anonymous_18)
FNDA:0,(anonymous_19)
FNDA:0,(anonymous_20)
FNDA:0,(anonymous_21)
FNDA:0,(anonymous_22)
FNDA:0,(anonymous_23)
DA:22,1
DA:23,6
DA:24,0
DA:25,0
DA:26,0
DA:28,0
DA:31,0
DA:33,0
DA:34,0
DA:37,0
DA:38,0
DA:39,0
DA:40,0
DA:42,0
DA:46,0
DA:47,0
DA:48,0
DA:49,0
DA:50,0
DA:51,0
DA:52,0
DA:53,0
DA:54,0
DA:55,0
DA:56,0
DA:59,0
DA:60,0
DA:64,0
DA:69,0
DA:73,0
DA:81,0
DA:84,0
DA:85,0
DA:86,0
DA:91,0
DA:98,0
DA:99,0
DA:100,0
DA:101,0
DA:103,0
DA:108,0
DA:109,0
DA:110,0
DA:111,0
DA:114,0
DA:119,0
DA:172,0
DA:180,0
DA:188,0
DA:220,0
DA:227,0
DA:234,0
DA:241,0
DA:248,0
DA:278,0
DA:288,0
DA:298,0
DA:307,0
LF:58
LH:2
BRDA:39,0,0,0
BRDA:39,0,1,0
BRDA:59,1,0,0
BRDA:59,1,1,0
BRDA:85,2,0,0
BRDA:85,2,1,0
BRDA:100,3,0,0
BRDA:100,3,1,0
BRDA:108,4,0,0
BRDA:108,4,1,0
BRDA:109,5,0,0
BRDA:109,5,1,0
BRDA:287,6,0,0
BRDA:287,6,1,0
BRDA:289,7,0,0
BRDA:289,7,1,0
BRDA:297,8,0,0
BRDA:297,8,1,0
BRDA:306,9,0,0
BRDA:306,9,1,0
BRF:20
BRH:0
end_of_record
TN:
SF:C:\Users\anuhakee\githubRepos\Lowes-Poc\src\client\components\FilterComponent\styles.js
FNF:0
FNH:0
DA:3,1
DA:21,1
DA:38,1
DA:57,1
DA:66,1
DA:72,1
DA:90,1
DA:103,1
LF:8
LH:8
BRF:0
BRH:0
end_of_record
TN:
SF:C:\Users\anuhakee\githubRepos\Lowes-Poc\src\client\components\Header\index.js
FN:11,(anonymous_0)
FN:12,(anonymous_1)
FNF:2
FNH:2
FNDA:4,(anonymous_0)
FNDA:8,(anonymous_1)
DA:11,1
DA:12,8
DA:13,4
DA:14,4
LF:4
LH:4
BRF:0
BRH:0
end_of_record
TN:
SF:C:\Users\anuhakee\githubRepos\Lowes-Poc\src\client\components\Header\styles.js
FNF:0
FNH:0
DA:3,1
DA:22,1
DA:38,1
DA:58,1
LF:4
LH:4
BRF:0
BRH:0
end_of_record
TN:
SF:C:\Users\anuhakee\githubRepos\Lowes-Poc\src\client\components\ProductCardComponent\index.js
FN:21,(anonymous_0)
FN:25,(anonymous_1)
FN:65,(anonymous_2)
FN:83,(anonymous_3)
FN:89,(anonymous_4)
FN:94,(anonymous_5)
FN:103,(anonymous_6)
FN:108,(anonymous_7)
FNF:8
FNH:1
FNDA:10,(anonymous_0)
FNDA:0,(anonymous_1)
FNDA:0,(anonymous_2)
FNDA:0,(anonymous_3)
FNDA:0,(anonymous_4)
FNDA:0,(anonymous_5)
FNDA:0,(anonymous_6)
FNDA:0,(anonymous_7)
DA:21,1
DA:22,10
DA:23,10
DA:24,0
DA:25,0
DA:26,0
DA:28,0
DA:66,0
DA:67,0
DA:72,0
DA:74,0
DA:80,0
DA:83,0
DA:89,0
DA:94,0
DA:103,0
DA:108,0
LF:17
LH:3
BRDA:72,0,0,0
BRDA:72,0,1,0
BRDA:83,1,0,0
BRDA:83,1,1,0
BRDA:89,2,0,0
BRDA:89,2,1,0
BRDA:103,3,0,0
BRDA:103,3,1,0
BRF:8
BRH:0
end_of_record
TN:
SF:C:\Users\anuhakee\githubRepos\Lowes-Poc\src\client\components\ProductCardComponent\styles.js
FNF:0
FNH:0
DA:4,1
DA:8,1
DA:25,1
DA:37,1
DA:54,1
DA:67,1
DA:80,1
DA:98,1
DA:114,1
DA:119,1
DA:127,1
DA:133,1
DA:143,1
LF:13
LH:13
BRF:0
BRH:0
end_of_record
